Drill report for CH582.kicad_pcb
Created on Do 24 Aug 2023 18:49:15 CEST

Copper Layer Stackup:
    =============================================================
    L1 :  F.Cu                      front
    L2 :  B.Cu                      back


Drill file 'CH582-PTH-drl.gbr' contains
    plated through holes:
    =============================================================
    T1  0,200mm  0,0079"  (16 holes)
    T2  0,300mm  0,0118"  (1 hole)
    T3  0,400mm  0,0157"  (54 holes)
    T4  0,800mm  0,0315"  (2 holes)
    T5  1,000mm  0,0394"  (6 holes)
    T6  2,200mm  0,0866"  (1 hole)

    Total plated holes count 80


Drill file 'CH582-NPTH-drl.gbr' contains
    unplated through holes:
    =============================================================

    Total unplated holes count 0
